The system is: Linux - 6.17.8-arch1-1 - x86_64
Compiling the C compiler identification source file "CMakeCCompilerId.c" succeeded.
Compiler: /usr/bin/cc 
Build flags: 
Id flags:  

The output was:
0


Compilation of the C compiler identification source "CMakeCCompilerId.c" produced "a.out"

The C compiler identification is GNU, found in "/home/tails1154/tailsactos/build/CMakeFiles/3.17.2-ReactOS/CompilerIdC/a.out"

Compiling the CXX compiler identification source file "CMakeCXXCompilerId.cpp" succeeded.
Compiler: /usr/bin/c++ 
Build flags: 
Id flags:  

The output was:
0


Compilation of the CXX compiler identification source "CMakeCXXCompilerId.cpp" produced "a.out"

The CXX compiler identification is GNU, found in "/home/tails1154/tailsactos/build/CMakeFiles/3.17.2-ReactOS/CompilerIdCXX/a.out"

Determining if the C compiler works passed with the following output:
Change Dir: /home/tails1154/tailsactos/build/CMakeFiles/CMakeTmp

Run Build Command(s):/usr/bin/make cmTC_86848/fast && /usr/bin/make  -f CMakeFiles/cmTC_86848.dir/build.make CMakeFiles/cmTC_86848.dir/build
make[1]: Entering directory '/home/tails1154/tailsactos/build/CMakeFiles/CMakeTmp'
Building C object CMakeFiles/cmTC_86848.dir/testCCompiler.c.o
/usr/bin/cc    -o CMakeFiles/cmTC_86848.dir/testCCompiler.c.o   -c /home/tails1154/tailsactos/build/CMakeFiles/CMakeTmp/testCCompiler.c
Linking C executable cmTC_86848
/opt/rosbe/bin/cmake -E cmake_link_script CMakeFiles/cmTC_86848.dir/link.txt --verbose=1
/usr/bin/cc      CMakeFiles/cmTC_86848.dir/testCCompiler.c.o  -o cmTC_86848 
make[1]: Leaving directory '/home/tails1154/tailsactos/build/CMakeFiles/CMakeTmp'



Detecting C compiler ABI info compiled with the following output:
Change Dir: /home/tails1154/tailsactos/build/CMakeFiles/CMakeTmp

Run Build Command(s):/usr/bin/make cmTC_25cc1/fast && /usr/bin/make  -f CMakeFiles/cmTC_25cc1.dir/build.make CMakeFiles/cmTC_25cc1.dir/build
make[1]: Entering directory '/home/tails1154/tailsactos/build/CMakeFiles/CMakeTmp'
Building C object CMakeFiles/cmTC_25cc1.dir/CMakeCCompilerABI.c.o
/usr/bin/cc   -v -o CMakeFiles/cmTC_25cc1.dir/CMakeCCompilerABI.c.o   -c /opt/rosbe/share/cmake-3.17/Modules/CMakeCCompilerABI.c
Using built-in specs.
COLLECT_GCC=/usr/bin/cc
Target: x86_64-pc-linux-gnu
Configured with: /build/gcc/src/gcc/configure --enable-languages=ada,c,c++,d,fortran,go,lto,m2,objc,obj-c++,rust,cobol --enable-bootstrap --prefix=/usr --libdir=/usr/lib --libexecdir=/usr/lib --mandir=/usr/share/man --infodir=/usr/share/info --with-bugurl=https://gitlab.archlinux.org/archlinux/packaging/packages/gcc/-/issues --with-build-config=bootstrap-lto --with-linker-hash-style=gnu --with-system-zlib --enable-__cxa_atexit --enable-cet=auto --enable-checking=release --enable-clocale=gnu --enable-default-pie --enable-default-ssp --enable-gnu-indirect-function --enable-gnu-unique-object --enable-libstdcxx-backtrace --enable-link-serialization=1 --enable-linker-build-id --enable-lto --enable-multilib --enable-plugin --enable-shared --enable-threads=posix --disable-libssp --disable-libstdcxx-pch --disable-werror
Thread model: posix
Supported LTO compression algorithms: zlib zstd
gcc version 15.2.1 20251112 (GCC) 
COLLECT_GCC_OPTIONS='-v' '-o' 'CMakeFiles/cmTC_25cc1.dir/CMakeCCompilerABI.c.o' '-c' '-mtune=generic' '-march=x86-64' '-dumpdir' 'CMakeFiles/cmTC_25cc1.dir/'
 /usr/lib/gcc/x86_64-pc-linux-gnu/15.2.1/cc1 -quiet -v /opt/rosbe/share/cmake-3.17/Modules/CMakeCCompilerABI.c -quiet -dumpdir CMakeFiles/cmTC_25cc1.dir/ -dumpbase CMakeCCompilerABI.c.c -dumpbase-ext .c -mtune=generic -march=x86-64 -version -o /tmp/ccSPq13K.s
GNU C23 (GCC) version 15.2.1 20251112 (x86_64-pc-linux-gnu)
	compiled by GNU C version 15.2.1 20251112, GMP version 6.3.0, MPFR version 4.2.2, MPC version 1.3.1, isl version isl-0.27-GMP

GGC heuristics: --param ggc-min-expand=100 --param ggc-min-heapsize=131072
ignoring nonexistent directory "/usr/lib/gcc/x86_64-pc-linux-gnu/15.2.1/../../../../x86_64-pc-linux-gnu/include"
#include "..." search starts here:
#include <...> search starts here:
 /usr/lib/gcc/x86_64-pc-linux-gnu/15.2.1/include
 /usr/local/include
 /usr/lib/gcc/x86_64-pc-linux-gnu/15.2.1/include-fixed
 /usr/include
End of search list.
Compiler executable checksum: e7e806b0d021308da32115a1780fef1e
COLLECT_GCC_OPTIONS='-v' '-o' 'CMakeFiles/cmTC_25cc1.dir/CMakeCCompilerABI.c.o' '-c' '-mtune=generic' '-march=x86-64' '-dumpdir' 'CMakeFiles/cmTC_25cc1.dir/'
 as -v --64 -o CMakeFiles/cmTC_25cc1.dir/CMakeCCompilerABI.c.o /tmp/ccSPq13K.s
GNU assembler version 2.45.1 (x86_64-pc-linux-gnu) using BFD version (GNU Binutils) 2.45.1
COMPILER_PATH=/usr/lib/gcc/x86_64-pc-linux-gnu/15.2.1/:/usr/lib/gcc/x86_64-pc-linux-gnu/15.2.1/:/usr/lib/gcc/x86_64-pc-linux-gnu/:/usr/lib/gcc/x86_64-pc-linux-gnu/15.2.1/:/usr/lib/gcc/x86_64-pc-linux-gnu/
LIBRARY_PATH=/usr/lib/gcc/x86_64-pc-linux-gnu/15.2.1/:/usr/lib/gcc/x86_64-pc-linux-gnu/15.2.1/../../../../lib/:/lib/../lib/:/usr/lib/../lib/:/usr/lib/gcc/x86_64-pc-linux-gnu/15.2.1/../../../:/lib/:/usr/lib/
COLLECT_GCC_OPTIONS='-v' '-o' 'CMakeFiles/cmTC_25cc1.dir/CMakeCCompilerABI.c.o' '-c' '-mtune=generic' '-march=x86-64' '-dumpdir' 'CMakeFiles/cmTC_25cc1.dir/CMakeCCompilerABI.c.'
Linking C executable cmTC_25cc1
/opt/rosbe/bin/cmake -E cmake_link_script CMakeFiles/cmTC_25cc1.dir/link.txt --verbose=1
/usr/bin/cc     -v CMakeFiles/cmTC_25cc1.dir/CMakeCCompilerABI.c.o  -o cmTC_25cc1 
Using built-in specs.
COLLECT_GCC=/usr/bin/cc
COLLECT_LTO_WRAPPER=/usr/lib/gcc/x86_64-pc-linux-gnu/15.2.1/lto-wrapper
Target: x86_64-pc-linux-gnu
Configured with: /build/gcc/src/gcc/configure --enable-languages=ada,c,c++,d,fortran,go,lto,m2,objc,obj-c++,rust,cobol --enable-bootstrap --prefix=/usr --libdir=/usr/lib --libexecdir=/usr/lib --mandir=/usr/share/man --infodir=/usr/share/info --with-bugurl=https://gitlab.archlinux.org/archlinux/packaging/packages/gcc/-/issues --with-build-config=bootstrap-lto --with-linker-hash-style=gnu --with-system-zlib --enable-__cxa_atexit --enable-cet=auto --enable-checking=release --enable-clocale=gnu --enable-default-pie --enable-default-ssp --enable-gnu-indirect-function --enable-gnu-unique-object --enable-libstdcxx-backtrace --enable-link-serialization=1 --enable-linker-build-id --enable-lto --enable-multilib --enable-plugin --enable-shared --enable-threads=posix --disable-libssp --disable-libstdcxx-pch --disable-werror
Thread model: posix
Supported LTO compression algorithms: zlib zstd
gcc version 15.2.1 20251112 (GCC) 
COMPILER_PATH=/usr/lib/gcc/x86_64-pc-linux-gnu/15.2.1/:/usr/lib/gcc/x86_64-pc-linux-gnu/15.2.1/:/usr/lib/gcc/x86_64-pc-linux-gnu/:/usr/lib/gcc/x86_64-pc-linux-gnu/15.2.1/:/usr/lib/gcc/x86_64-pc-linux-gnu/
LIBRARY_PATH=/usr/lib/gcc/x86_64-pc-linux-gnu/15.2.1/:/usr/lib/gcc/x86_64-pc-linux-gnu/15.2.1/../../../../lib/:/lib/../lib/:/usr/lib/../lib/:/usr/lib/gcc/x86_64-pc-linux-gnu/15.2.1/../../../:/lib/:/usr/lib/
COLLECT_GCC_OPTIONS='-v' '-o' 'cmTC_25cc1' '-mtune=generic' '-march=x86-64' '-dumpdir' 'cmTC_25cc1.'
 /usr/lib/gcc/x86_64-pc-linux-gnu/15.2.1/collect2 -plugin /usr/lib/gcc/x86_64-pc-linux-gnu/15.2.1/liblto_plugin.so -plugin-opt=/usr/lib/gcc/x86_64-pc-linux-gnu/15.2.1/lto-wrapper -plugin-opt=-fresolution=/tmp/cc943r47.res -plugin-opt=-pass-through=-lgcc -plugin-opt=-pass-through=-lgcc_s -plugin-opt=-pass-through=-lc -plugin-opt=-pass-through=-lgcc -plugin-opt=-pass-through=-lgcc_s --build-id --eh-frame-hdr --hash-style=gnu -m elf_x86_64 -dynamic-linker /lib64/ld-linux-x86-64.so.2 -pie -o cmTC_25cc1 /usr/lib/gcc/x86_64-pc-linux-gnu/15.2.1/../../../../lib/Scrt1.o /usr/lib/gcc/x86_64-pc-linux-gnu/15.2.1/../../../../lib/crti.o /usr/lib/gcc/x86_64-pc-linux-gnu/15.2.1/crtbeginS.o -L/usr/lib/gcc/x86_64-pc-linux-gnu/15.2.1 -L/usr/lib/gcc/x86_64-pc-linux-gnu/15.2.1/../../../../lib -L/lib/../lib -L/usr/lib/../lib -L/usr/lib/gcc/x86_64-pc-linux-gnu/15.2.1/../../.. -L/lib -L/usr/lib CMakeFiles/cmTC_25cc1.dir/CMakeCCompilerABI.c.o -lgcc --push-state --as-needed -lgcc_s --pop-state -lc -lgcc --push-state --as-needed -lgcc_s --pop-state /usr/lib/gcc/x86_64-pc-linux-gnu/15.2.1/crtendS.o /usr/lib/gcc/x86_64-pc-linux-gnu/15.2.1/../../../../lib/crtn.o
COLLECT_GCC_OPTIONS='-v' '-o' 'cmTC_25cc1' '-mtune=generic' '-march=x86-64' '-dumpdir' 'cmTC_25cc1.'
make[1]: Leaving directory '/home/tails1154/tailsactos/build/CMakeFiles/CMakeTmp'



Parsed C implicit include dir info from above output: rv=done
  found start of include info
  found start of implicit include info
    add: [/usr/lib/gcc/x86_64-pc-linux-gnu/15.2.1/include]
    add: [/usr/local/include]
    add: [/usr/lib/gcc/x86_64-pc-linux-gnu/15.2.1/include-fixed]
    add: [/usr/include]
  end of search list found
  collapse include dir [/usr/lib/gcc/x86_64-pc-linux-gnu/15.2.1/include] ==> [/usr/lib/gcc/x86_64-pc-linux-gnu/15.2.1/include]
  collapse include dir [/usr/local/include] ==> [/usr/local/include]
  collapse include dir [/usr/lib/gcc/x86_64-pc-linux-gnu/15.2.1/include-fixed] ==> [/usr/lib/gcc/x86_64-pc-linux-gnu/15.2.1/include-fixed]
  collapse include dir [/usr/include] ==> [/usr/include]
  implicit include dirs: [/usr/lib/gcc/x86_64-pc-linux-gnu/15.2.1/include;/usr/local/include;/usr/lib/gcc/x86_64-pc-linux-gnu/15.2.1/include-fixed;/usr/include]


Parsed C implicit link information from above output:
  link line regex: [^( *|.*[/\])(ld|CMAKE_LINK_STARTFILE-NOTFOUND|([^/\]+-)?ld|collect2)[^/\]*( |$)]
  ignore line: [Change Dir: /home/tails1154/tailsactos/build/CMakeFiles/CMakeTmp]
  ignore line: []
  ignore line: [Run Build Command(s):/usr/bin/make cmTC_25cc1/fast && /usr/bin/make  -f CMakeFiles/cmTC_25cc1.dir/build.make CMakeFiles/cmTC_25cc1.dir/build]
  ignore line: [make[1]: Entering directory '/home/tails1154/tailsactos/build/CMakeFiles/CMakeTmp']
  ignore line: [Building C object CMakeFiles/cmTC_25cc1.dir/CMakeCCompilerABI.c.o]
  ignore line: [/usr/bin/cc   -v -o CMakeFiles/cmTC_25cc1.dir/CMakeCCompilerABI.c.o   -c /opt/rosbe/share/cmake-3.17/Modules/CMakeCCompilerABI.c]
  ignore line: [Using built-in specs.]
  ignore line: [COLLECT_GCC=/usr/bin/cc]
  ignore line: [Target: x86_64-pc-linux-gnu]
  ignore line: [Configured with: /build/gcc/src/gcc/configure --enable-languages=ada c c++ d fortran go lto m2 objc obj-c++ rust cobol --enable-bootstrap --prefix=/usr --libdir=/usr/lib --libexecdir=/usr/lib --mandir=/usr/share/man --infodir=/usr/share/info --with-bugurl=https://gitlab.archlinux.org/archlinux/packaging/packages/gcc/-/issues --with-build-config=bootstrap-lto --with-linker-hash-style=gnu --with-system-zlib --enable-__cxa_atexit --enable-cet=auto --enable-checking=release --enable-clocale=gnu --enable-default-pie --enable-default-ssp --enable-gnu-indirect-function --enable-gnu-unique-object --enable-libstdcxx-backtrace --enable-link-serialization=1 --enable-linker-build-id --enable-lto --enable-multilib --enable-plugin --enable-shared --enable-threads=posix --disable-libssp --disable-libstdcxx-pch --disable-werror]
  ignore line: [Thread model: posix]
  ignore line: [Supported LTO compression algorithms: zlib zstd]
  ignore line: [gcc version 15.2.1 20251112 (GCC) ]
  ignore line: [COLLECT_GCC_OPTIONS='-v' '-o' 'CMakeFiles/cmTC_25cc1.dir/CMakeCCompilerABI.c.o' '-c' '-mtune=generic' '-march=x86-64' '-dumpdir' 'CMakeFiles/cmTC_25cc1.dir/']
  ignore line: [ /usr/lib/gcc/x86_64-pc-linux-gnu/15.2.1/cc1 -quiet -v /opt/rosbe/share/cmake-3.17/Modules/CMakeCCompilerABI.c -quiet -dumpdir CMakeFiles/cmTC_25cc1.dir/ -dumpbase CMakeCCompilerABI.c.c -dumpbase-ext .c -mtune=generic -march=x86-64 -version -o /tmp/ccSPq13K.s]
  ignore line: [GNU C23 (GCC) version 15.2.1 20251112 (x86_64-pc-linux-gnu)]
  ignore line: [	compiled by GNU C version 15.2.1 20251112  GMP version 6.3.0  MPFR version 4.2.2  MPC version 1.3.1  isl version isl-0.27-GMP]
  ignore line: []
  ignore line: [GGC heuristics: --param ggc-min-expand=100 --param ggc-min-heapsize=131072]
  ignore line: [ignoring nonexistent directory "/usr/lib/gcc/x86_64-pc-linux-gnu/15.2.1/../../../../x86_64-pc-linux-gnu/include"]
  ignore line: [#include "..." search starts here:]
  ignore line: [#include <...> search starts here:]
  ignore line: [ /usr/lib/gcc/x86_64-pc-linux-gnu/15.2.1/include]
  ignore line: [ /usr/local/include]
  ignore line: [ /usr/lib/gcc/x86_64-pc-linux-gnu/15.2.1/include-fixed]
  ignore line: [ /usr/include]
  ignore line: [End of search list.]
  ignore line: [Compiler executable checksum: e7e806b0d021308da32115a1780fef1e]
  ignore line: [COLLECT_GCC_OPTIONS='-v' '-o' 'CMakeFiles/cmTC_25cc1.dir/CMakeCCompilerABI.c.o' '-c' '-mtune=generic' '-march=x86-64' '-dumpdir' 'CMakeFiles/cmTC_25cc1.dir/']
  ignore line: [ as -v --64 -o CMakeFiles/cmTC_25cc1.dir/CMakeCCompilerABI.c.o /tmp/ccSPq13K.s]
  ignore line: [GNU assembler version 2.45.1 (x86_64-pc-linux-gnu) using BFD version (GNU Binutils) 2.45.1]
  ignore line: [COMPILER_PATH=/usr/lib/gcc/x86_64-pc-linux-gnu/15.2.1/:/usr/lib/gcc/x86_64-pc-linux-gnu/15.2.1/:/usr/lib/gcc/x86_64-pc-linux-gnu/:/usr/lib/gcc/x86_64-pc-linux-gnu/15.2.1/:/usr/lib/gcc/x86_64-pc-linux-gnu/]
  ignore line: [LIBRARY_PATH=/usr/lib/gcc/x86_64-pc-linux-gnu/15.2.1/:/usr/lib/gcc/x86_64-pc-linux-gnu/15.2.1/../../../../lib/:/lib/../lib/:/usr/lib/../lib/:/usr/lib/gcc/x86_64-pc-linux-gnu/15.2.1/../../../:/lib/:/usr/lib/]
  ignore line: [COLLECT_GCC_OPTIONS='-v' '-o' 'CMakeFiles/cmTC_25cc1.dir/CMakeCCompilerABI.c.o' '-c' '-mtune=generic' '-march=x86-64' '-dumpdir' 'CMakeFiles/cmTC_25cc1.dir/CMakeCCompilerABI.c.']
  ignore line: [Linking C executable cmTC_25cc1]
  ignore line: [/opt/rosbe/bin/cmake -E cmake_link_script CMakeFiles/cmTC_25cc1.dir/link.txt --verbose=1]
  ignore line: [/usr/bin/cc     -v CMakeFiles/cmTC_25cc1.dir/CMakeCCompilerABI.c.o  -o cmTC_25cc1 ]
  ignore line: [Using built-in specs.]
  ignore line: [COLLECT_GCC=/usr/bin/cc]
  ignore line: [COLLECT_LTO_WRAPPER=/usr/lib/gcc/x86_64-pc-linux-gnu/15.2.1/lto-wrapper]
  ignore line: [Target: x86_64-pc-linux-gnu]
  ignore line: [Configured with: /build/gcc/src/gcc/configure --enable-languages=ada c c++ d fortran go lto m2 objc obj-c++ rust cobol --enable-bootstrap --prefix=/usr --libdir=/usr/lib --libexecdir=/usr/lib --mandir=/usr/share/man --infodir=/usr/share/info --with-bugurl=https://gitlab.archlinux.org/archlinux/packaging/packages/gcc/-/issues --with-build-config=bootstrap-lto --with-linker-hash-style=gnu --with-system-zlib --enable-__cxa_atexit --enable-cet=auto --enable-checking=release --enable-clocale=gnu --enable-default-pie --enable-default-ssp --enable-gnu-indirect-function --enable-gnu-unique-object --enable-libstdcxx-backtrace --enable-link-serialization=1 --enable-linker-build-id --enable-lto --enable-multilib --enable-plugin --enable-shared --enable-threads=posix --disable-libssp --disable-libstdcxx-pch --disable-werror]
  ignore line: [Thread model: posix]
  ignore line: [Supported LTO compression algorithms: zlib zstd]
  ignore line: [gcc version 15.2.1 20251112 (GCC) ]
  ignore line: [COMPILER_PATH=/usr/lib/gcc/x86_64-pc-linux-gnu/15.2.1/:/usr/lib/gcc/x86_64-pc-linux-gnu/15.2.1/:/usr/lib/gcc/x86_64-pc-linux-gnu/:/usr/lib/gcc/x86_64-pc-linux-gnu/15.2.1/:/usr/lib/gcc/x86_64-pc-linux-gnu/]
  ignore line: [LIBRARY_PATH=/usr/lib/gcc/x86_64-pc-linux-gnu/15.2.1/:/usr/lib/gcc/x86_64-pc-linux-gnu/15.2.1/../../../../lib/:/lib/../lib/:/usr/lib/../lib/:/usr/lib/gcc/x86_64-pc-linux-gnu/15.2.1/../../../:/lib/:/usr/lib/]
  ignore line: [COLLECT_GCC_OPTIONS='-v' '-o' 'cmTC_25cc1' '-mtune=generic' '-march=x86-64' '-dumpdir' 'cmTC_25cc1.']
  link line: [ /usr/lib/gcc/x86_64-pc-linux-gnu/15.2.1/collect2 -plugin /usr/lib/gcc/x86_64-pc-linux-gnu/15.2.1/liblto_plugin.so -plugin-opt=/usr/lib/gcc/x86_64-pc-linux-gnu/15.2.1/lto-wrapper -plugin-opt=-fresolution=/tmp/cc943r47.res -plugin-opt=-pass-through=-lgcc -plugin-opt=-pass-through=-lgcc_s -plugin-opt=-pass-through=-lc -plugin-opt=-pass-through=-lgcc -plugin-opt=-pass-through=-lgcc_s --build-id --eh-frame-hdr --hash-style=gnu -m elf_x86_64 -dynamic-linker /lib64/ld-linux-x86-64.so.2 -pie -o cmTC_25cc1 /usr/lib/gcc/x86_64-pc-linux-gnu/15.2.1/../../../../lib/Scrt1.o /usr/lib/gcc/x86_64-pc-linux-gnu/15.2.1/../../../../lib/crti.o /usr/lib/gcc/x86_64-pc-linux-gnu/15.2.1/crtbeginS.o -L/usr/lib/gcc/x86_64-pc-linux-gnu/15.2.1 -L/usr/lib/gcc/x86_64-pc-linux-gnu/15.2.1/../../../../lib -L/lib/../lib -L/usr/lib/../lib -L/usr/lib/gcc/x86_64-pc-linux-gnu/15.2.1/../../.. -L/lib -L/usr/lib CMakeFiles/cmTC_25cc1.dir/CMakeCCompilerABI.c.o -lgcc --push-state --as-needed -lgcc_s --pop-state -lc -lgcc --push-state --as-needed -lgcc_s --pop-state /usr/lib/gcc/x86_64-pc-linux-gnu/15.2.1/crtendS.o /usr/lib/gcc/x86_64-pc-linux-gnu/15.2.1/../../../../lib/crtn.o]
    arg [/usr/lib/gcc/x86_64-pc-linux-gnu/15.2.1/collect2] ==> ignore
    arg [-plugin] ==> ignore
    arg [/usr/lib/gcc/x86_64-pc-linux-gnu/15.2.1/liblto_plugin.so] ==> ignore
    arg [-plugin-opt=/usr/lib/gcc/x86_64-pc-linux-gnu/15.2.1/lto-wrapper] ==> ignore
    arg [-plugin-opt=-fresolution=/tmp/cc943r47.res] ==> ignore
    arg [-plugin-opt=-pass-through=-lgcc] ==> ignore
    arg [-plugin-opt=-pass-through=-lgcc_s] ==> ignore
    arg [-plugin-opt=-pass-through=-lc] ==> ignore
    arg [-plugin-opt=-pass-through=-lgcc] ==> ignore
    arg [-plugin-opt=-pass-through=-lgcc_s] ==> ignore
    arg [--build-id] ==> ignore
    arg [--eh-frame-hdr] ==> ignore
    arg [--hash-style=gnu] ==> ignore
    arg [-m] ==> ignore
    arg [elf_x86_64] ==> ignore
    arg [-dynamic-linker] ==> ignore
    arg [/lib64/ld-linux-x86-64.so.2] ==> ignore
    arg [-pie] ==> ignore
    arg [-o] ==> ignore
    arg [cmTC_25cc1] ==> ignore
    arg [/usr/lib/gcc/x86_64-pc-linux-gnu/15.2.1/../../../../lib/Scrt1.o] ==> ignore
    arg [/usr/lib/gcc/x86_64-pc-linux-gnu/15.2.1/../../../../lib/crti.o] ==> ignore
    arg [/usr/lib/gcc/x86_64-pc-linux-gnu/15.2.1/crtbeginS.o] ==> ignore
    arg [-L/usr/lib/gcc/x86_64-pc-linux-gnu/15.2.1] ==> dir [/usr/lib/gcc/x86_64-pc-linux-gnu/15.2.1]
    arg [-L/usr/lib/gcc/x86_64-pc-linux-gnu/15.2.1/../../../../lib] ==> dir [/usr/lib/gcc/x86_64-pc-linux-gnu/15.2.1/../../../../lib]
    arg [-L/lib/../lib] ==> dir [/lib/../lib]
    arg [-L/usr/lib/../lib] ==> dir [/usr/lib/../lib]
    arg [-L/usr/lib/gcc/x86_64-pc-linux-gnu/15.2.1/../../..] ==> dir [/usr/lib/gcc/x86_64-pc-linux-gnu/15.2.1/../../..]
    arg [-L/lib] ==> dir [/lib]
    arg [-L/usr/lib] ==> dir [/usr/lib]
    arg [CMakeFiles/cmTC_25cc1.dir/CMakeCCompilerABI.c.o] ==> ignore
    arg [-lgcc] ==> lib [gcc]
    arg [--push-state] ==> ignore
    arg [--as-needed] ==> ignore
    arg [-lgcc_s] ==> lib [gcc_s]
    arg [--pop-state] ==> ignore
    arg [-lc] ==> lib [c]
    arg [-lgcc] ==> lib [gcc]
    arg [--push-state] ==> ignore
    arg [--as-needed] ==> ignore
    arg [-lgcc_s] ==> lib [gcc_s]
    arg [--pop-state] ==> ignore
    arg [/usr/lib/gcc/x86_64-pc-linux-gnu/15.2.1/crtendS.o] ==> ignore
    arg [/usr/lib/gcc/x86_64-pc-linux-gnu/15.2.1/../../../../lib/crtn.o] ==> ignore
  collapse library dir [/usr/lib/gcc/x86_64-pc-linux-gnu/15.2.1] ==> [/usr/lib/gcc/x86_64-pc-linux-gnu/15.2.1]
  collapse library dir [/usr/lib/gcc/x86_64-pc-linux-gnu/15.2.1/../../../../lib] ==> [/usr/lib]
  collapse library dir [/lib/../lib] ==> [/lib]
  collapse library dir [/usr/lib/../lib] ==> [/usr/lib]
  collapse library dir [/usr/lib/gcc/x86_64-pc-linux-gnu/15.2.1/../../..] ==> [/usr/lib]
  collapse library dir [/lib] ==> [/lib]
  collapse library dir [/usr/lib] ==> [/usr/lib]
  implicit libs: [gcc;gcc_s;c;gcc;gcc_s]
  implicit dirs: [/usr/lib/gcc/x86_64-pc-linux-gnu/15.2.1;/usr/lib;/lib]
  implicit fwks: []


Determining if the CXX compiler works passed with the following output:
Change Dir: /home/tails1154/tailsactos/build/CMakeFiles/CMakeTmp

Run Build Command(s):/usr/bin/make cmTC_9db3a/fast && /usr/bin/make  -f CMakeFiles/cmTC_9db3a.dir/build.make CMakeFiles/cmTC_9db3a.dir/build
make[1]: Entering directory '/home/tails1154/tailsactos/build/CMakeFiles/CMakeTmp'
Building CXX object CMakeFiles/cmTC_9db3a.dir/testCXXCompiler.cxx.o
/usr/bin/c++     -o CMakeFiles/cmTC_9db3a.dir/testCXXCompiler.cxx.o -c /home/tails1154/tailsactos/build/CMakeFiles/CMakeTmp/testCXXCompiler.cxx
Linking CXX executable cmTC_9db3a
/opt/rosbe/bin/cmake -E cmake_link_script CMakeFiles/cmTC_9db3a.dir/link.txt --verbose=1
/usr/bin/c++       CMakeFiles/cmTC_9db3a.dir/testCXXCompiler.cxx.o  -o cmTC_9db3a 
make[1]: Leaving directory '/home/tails1154/tailsactos/build/CMakeFiles/CMakeTmp'



Detecting CXX compiler ABI info compiled with the following output:
Change Dir: /home/tails1154/tailsactos/build/CMakeFiles/CMakeTmp

Run Build Command(s):/usr/bin/make cmTC_c7824/fast && /usr/bin/make  -f CMakeFiles/cmTC_c7824.dir/build.make CMakeFiles/cmTC_c7824.dir/build
make[1]: Entering directory '/home/tails1154/tailsactos/build/CMakeFiles/CMakeTmp'
Building CXX object CMakeFiles/cmTC_c7824.dir/CMakeCXXCompilerABI.cpp.o
/usr/bin/c++    -v -o CMakeFiles/cmTC_c7824.dir/CMakeCXXCompilerABI.cpp.o -c /opt/rosbe/share/cmake-3.17/Modules/CMakeCXXCompilerABI.cpp
Using built-in specs.
COLLECT_GCC=/usr/bin/c++
Target: x86_64-pc-linux-gnu
Configured with: /build/gcc/src/gcc/configure --enable-languages=ada,c,c++,d,fortran,go,lto,m2,objc,obj-c++,rust,cobol --enable-bootstrap --prefix=/usr --libdir=/usr/lib --libexecdir=/usr/lib --mandir=/usr/share/man --infodir=/usr/share/info --with-bugurl=https://gitlab.archlinux.org/archlinux/packaging/packages/gcc/-/issues --with-build-config=bootstrap-lto --with-linker-hash-style=gnu --with-system-zlib --enable-__cxa_atexit --enable-cet=auto --enable-checking=release --enable-clocale=gnu --enable-default-pie --enable-default-ssp --enable-gnu-indirect-function --enable-gnu-unique-object --enable-libstdcxx-backtrace --enable-link-serialization=1 --enable-linker-build-id --enable-lto --enable-multilib --enable-plugin --enable-shared --enable-threads=posix --disable-libssp --disable-libstdcxx-pch --disable-werror
Thread model: posix
Supported LTO compression algorithms: zlib zstd
gcc version 15.2.1 20251112 (GCC) 
COLLECT_GCC_OPTIONS='-v' '-o' 'CMakeFiles/cmTC_c7824.dir/CMakeCXXCompilerABI.cpp.o' '-c' '-shared-libgcc' '-mtune=generic' '-march=x86-64' '-dumpdir' 'CMakeFiles/cmTC_c7824.dir/'
 /usr/lib/gcc/x86_64-pc-linux-gnu/15.2.1/cc1plus -quiet -v -D_GNU_SOURCE /opt/rosbe/share/cmake-3.17/Modules/CMakeCXXCompilerABI.cpp -quiet -dumpdir CMakeFiles/cmTC_c7824.dir/ -dumpbase CMakeCXXCompilerABI.cpp.cpp -dumpbase-ext .cpp -mtune=generic -march=x86-64 -version -o /tmp/ccjt5XfX.s
GNU C++17 (GCC) version 15.2.1 20251112 (x86_64-pc-linux-gnu)
	compiled by GNU C version 15.2.1 20251112, GMP version 6.3.0, MPFR version 4.2.2, MPC version 1.3.1, isl version isl-0.27-GMP

GGC heuristics: --param ggc-min-expand=100 --param ggc-min-heapsize=131072
ignoring nonexistent directory "/usr/lib/gcc/x86_64-pc-linux-gnu/15.2.1/../../../../x86_64-pc-linux-gnu/include"
#include "..." search starts here:
#include <...> search starts here:
 /usr/lib/gcc/x86_64-pc-linux-gnu/15.2.1/../../../../include/c++/15.2.1
 /usr/lib/gcc/x86_64-pc-linux-gnu/15.2.1/../../../../include/c++/15.2.1/x86_64-pc-linux-gnu
 /usr/lib/gcc/x86_64-pc-linux-gnu/15.2.1/../../../../include/c++/15.2.1/backward
 /usr/lib/gcc/x86_64-pc-linux-gnu/15.2.1/include
 /usr/local/include
 /usr/lib/gcc/x86_64-pc-linux-gnu/15.2.1/include-fixed
 /usr/include
End of search list.
Compiler executable checksum: 4f062beaae229dc32234f13ba259a70e
COLLECT_GCC_OPTIONS='-v' '-o' 'CMakeFiles/cmTC_c7824.dir/CMakeCXXCompilerABI.cpp.o' '-c' '-shared-libgcc' '-mtune=generic' '-march=x86-64' '-dumpdir' 'CMakeFiles/cmTC_c7824.dir/'
 as -v --64 -o CMakeFiles/cmTC_c7824.dir/CMakeCXXCompilerABI.cpp.o /tmp/ccjt5XfX.s
GNU assembler version 2.45.1 (x86_64-pc-linux-gnu) using BFD version (GNU Binutils) 2.45.1
COMPILER_PATH=/usr/lib/gcc/x86_64-pc-linux-gnu/15.2.1/:/usr/lib/gcc/x86_64-pc-linux-gnu/15.2.1/:/usr/lib/gcc/x86_64-pc-linux-gnu/:/usr/lib/gcc/x86_64-pc-linux-gnu/15.2.1/:/usr/lib/gcc/x86_64-pc-linux-gnu/
LIBRARY_PATH=/usr/lib/gcc/x86_64-pc-linux-gnu/15.2.1/:/usr/lib/gcc/x86_64-pc-linux-gnu/15.2.1/../../../../lib/:/lib/../lib/:/usr/lib/../lib/:/usr/lib/gcc/x86_64-pc-linux-gnu/15.2.1/../../../:/lib/:/usr/lib/
COLLECT_GCC_OPTIONS='-v' '-o' 'CMakeFiles/cmTC_c7824.dir/CMakeCXXCompilerABI.cpp.o' '-c' '-shared-libgcc' '-mtune=generic' '-march=x86-64' '-dumpdir' 'CMakeFiles/cmTC_c7824.dir/CMakeCXXCompilerABI.cpp.'
Linking CXX executable cmTC_c7824
/opt/rosbe/bin/cmake -E cmake_link_script CMakeFiles/cmTC_c7824.dir/link.txt --verbose=1
/usr/bin/c++      -v CMakeFiles/cmTC_c7824.dir/CMakeCXXCompilerABI.cpp.o  -o cmTC_c7824 
Using built-in specs.
COLLECT_GCC=/usr/bin/c++
COLLECT_LTO_WRAPPER=/usr/lib/gcc/x86_64-pc-linux-gnu/15.2.1/lto-wrapper
Target: x86_64-pc-linux-gnu
Configured with: /build/gcc/src/gcc/configure --enable-languages=ada,c,c++,d,fortran,go,lto,m2,objc,obj-c++,rust,cobol --enable-bootstrap --prefix=/usr --libdir=/usr/lib --libexecdir=/usr/lib --mandir=/usr/share/man --infodir=/usr/share/info --with-bugurl=https://gitlab.archlinux.org/archlinux/packaging/packages/gcc/-/issues --with-build-config=bootstrap-lto --with-linker-hash-style=gnu --with-system-zlib --enable-__cxa_atexit --enable-cet=auto --enable-checking=release --enable-clocale=gnu --enable-default-pie --enable-default-ssp --enable-gnu-indirect-function --enable-gnu-unique-object --enable-libstdcxx-backtrace --enable-link-serialization=1 --enable-linker-build-id --enable-lto --enable-multilib --enable-plugin --enable-shared --enable-threads=posix --disable-libssp --disable-libstdcxx-pch --disable-werror
Thread model: posix
Supported LTO compression algorithms: zlib zstd
gcc version 15.2.1 20251112 (GCC) 
COMPILER_PATH=/usr/lib/gcc/x86_64-pc-linux-gnu/15.2.1/:/usr/lib/gcc/x86_64-pc-linux-gnu/15.2.1/:/usr/lib/gcc/x86_64-pc-linux-gnu/:/usr/lib/gcc/x86_64-pc-linux-gnu/15.2.1/:/usr/lib/gcc/x86_64-pc-linux-gnu/
LIBRARY_PATH=/usr/lib/gcc/x86_64-pc-linux-gnu/15.2.1/:/usr/lib/gcc/x86_64-pc-linux-gnu/15.2.1/../../../../lib/:/lib/../lib/:/usr/lib/../lib/:/usr/lib/gcc/x86_64-pc-linux-gnu/15.2.1/../../../:/lib/:/usr/lib/
COLLECT_GCC_OPTIONS='-v' '-o' 'cmTC_c7824' '-shared-libgcc' '-mtune=generic' '-march=x86-64' '-dumpdir' 'cmTC_c7824.'
 /usr/lib/gcc/x86_64-pc-linux-gnu/15.2.1/collect2 -plugin /usr/lib/gcc/x86_64-pc-linux-gnu/15.2.1/liblto_plugin.so -plugin-opt=/usr/lib/gcc/x86_64-pc-linux-gnu/15.2.1/lto-wrapper -plugin-opt=-fresolution=/tmp/ccylpN4A.res -plugin-opt=-pass-through=-lgcc_s -plugin-opt=-pass-through=-lgcc -plugin-opt=-pass-through=-lc -plugin-opt=-pass-through=-lgcc_s -plugin-opt=-pass-through=-lgcc --build-id --eh-frame-hdr --hash-style=gnu -m elf_x86_64 -dynamic-linker /lib64/ld-linux-x86-64.so.2 -pie -o cmTC_c7824 /usr/lib/gcc/x86_64-pc-linux-gnu/15.2.1/../../../../lib/Scrt1.o /usr/lib/gcc/x86_64-pc-linux-gnu/15.2.1/../../../../lib/crti.o /usr/lib/gcc/x86_64-pc-linux-gnu/15.2.1/crtbeginS.o -L/usr/lib/gcc/x86_64-pc-linux-gnu/15.2.1 -L/usr/lib/gcc/x86_64-pc-linux-gnu/15.2.1/../../../../lib -L/lib/../lib -L/usr/lib/../lib -L/usr/lib/gcc/x86_64-pc-linux-gnu/15.2.1/../../.. -L/lib -L/usr/lib CMakeFiles/cmTC_c7824.dir/CMakeCXXCompilerABI.cpp.o -lstdc++ -lm -lgcc_s -lgcc -lc -lgcc_s -lgcc /usr/lib/gcc/x86_64-pc-linux-gnu/15.2.1/crtendS.o /usr/lib/gcc/x86_64-pc-linux-gnu/15.2.1/../../../../lib/crtn.o
COLLECT_GCC_OPTIONS='-v' '-o' 'cmTC_c7824' '-shared-libgcc' '-mtune=generic' '-march=x86-64' '-dumpdir' 'cmTC_c7824.'
make[1]: Leaving directory '/home/tails1154/tailsactos/build/CMakeFiles/CMakeTmp'



Parsed CXX implicit include dir info from above output: rv=done
  found start of include info
  found start of implicit include info
    add: [/usr/lib/gcc/x86_64-pc-linux-gnu/15.2.1/../../../../include/c++/15.2.1]
    add: [/usr/lib/gcc/x86_64-pc-linux-gnu/15.2.1/../../../../include/c++/15.2.1/x86_64-pc-linux-gnu]
    add: [/usr/lib/gcc/x86_64-pc-linux-gnu/15.2.1/../../../../include/c++/15.2.1/backward]
    add: [/usr/lib/gcc/x86_64-pc-linux-gnu/15.2.1/include]
    add: [/usr/local/include]
    add: [/usr/lib/gcc/x86_64-pc-linux-gnu/15.2.1/include-fixed]
    add: [/usr/include]
  end of search list found
  collapse include dir [/usr/lib/gcc/x86_64-pc-linux-gnu/15.2.1/../../../../include/c++/15.2.1] ==> [/usr/include/c++/15.2.1]
  collapse include dir [/usr/lib/gcc/x86_64-pc-linux-gnu/15.2.1/../../../../include/c++/15.2.1/x86_64-pc-linux-gnu] ==> [/usr/include/c++/15.2.1/x86_64-pc-linux-gnu]
  collapse include dir [/usr/lib/gcc/x86_64-pc-linux-gnu/15.2.1/../../../../include/c++/15.2.1/backward] ==> [/usr/include/c++/15.2.1/backward]
  collapse include dir [/usr/lib/gcc/x86_64-pc-linux-gnu/15.2.1/include] ==> [/usr/lib/gcc/x86_64-pc-linux-gnu/15.2.1/include]
  collapse include dir [/usr/local/include] ==> [/usr/local/include]
  collapse include dir [/usr/lib/gcc/x86_64-pc-linux-gnu/15.2.1/include-fixed] ==> [/usr/lib/gcc/x86_64-pc-linux-gnu/15.2.1/include-fixed]
  collapse include dir [/usr/include] ==> [/usr/include]
  implicit include dirs: [/usr/include/c++/15.2.1;/usr/include/c++/15.2.1/x86_64-pc-linux-gnu;/usr/include/c++/15.2.1/backward;/usr/lib/gcc/x86_64-pc-linux-gnu/15.2.1/include;/usr/local/include;/usr/lib/gcc/x86_64-pc-linux-gnu/15.2.1/include-fixed;/usr/include]


Parsed CXX implicit link information from above output:
  link line regex: [^( *|.*[/\])(ld|CMAKE_LINK_STARTFILE-NOTFOUND|([^/\]+-)?ld|collect2)[^/\]*( |$)]
  ignore line: [Change Dir: /home/tails1154/tailsactos/build/CMakeFiles/CMakeTmp]
  ignore line: []
  ignore line: [Run Build Command(s):/usr/bin/make cmTC_c7824/fast && /usr/bin/make  -f CMakeFiles/cmTC_c7824.dir/build.make CMakeFiles/cmTC_c7824.dir/build]
  ignore line: [make[1]: Entering directory '/home/tails1154/tailsactos/build/CMakeFiles/CMakeTmp']
  ignore line: [Building CXX object CMakeFiles/cmTC_c7824.dir/CMakeCXXCompilerABI.cpp.o]
  ignore line: [/usr/bin/c++    -v -o CMakeFiles/cmTC_c7824.dir/CMakeCXXCompilerABI.cpp.o -c /opt/rosbe/share/cmake-3.17/Modules/CMakeCXXCompilerABI.cpp]
  ignore line: [Using built-in specs.]
  ignore line: [COLLECT_GCC=/usr/bin/c++]
  ignore line: [Target: x86_64-pc-linux-gnu]
  ignore line: [Configured with: /build/gcc/src/gcc/configure --enable-languages=ada c c++ d fortran go lto m2 objc obj-c++ rust cobol --enable-bootstrap --prefix=/usr --libdir=/usr/lib --libexecdir=/usr/lib --mandir=/usr/share/man --infodir=/usr/share/info --with-bugurl=https://gitlab.archlinux.org/archlinux/packaging/packages/gcc/-/issues --with-build-config=bootstrap-lto --with-linker-hash-style=gnu --with-system-zlib --enable-__cxa_atexit --enable-cet=auto --enable-checking=release --enable-clocale=gnu --enable-default-pie --enable-default-ssp --enable-gnu-indirect-function --enable-gnu-unique-object --enable-libstdcxx-backtrace --enable-link-serialization=1 --enable-linker-build-id --enable-lto --enable-multilib --enable-plugin --enable-shared --enable-threads=posix --disable-libssp --disable-libstdcxx-pch --disable-werror]
  ignore line: [Thread model: posix]
  ignore line: [Supported LTO compression algorithms: zlib zstd]
  ignore line: [gcc version 15.2.1 20251112 (GCC) ]
  ignore line: [COLLECT_GCC_OPTIONS='-v' '-o' 'CMakeFiles/cmTC_c7824.dir/CMakeCXXCompilerABI.cpp.o' '-c' '-shared-libgcc' '-mtune=generic' '-march=x86-64' '-dumpdir' 'CMakeFiles/cmTC_c7824.dir/']
  ignore line: [ /usr/lib/gcc/x86_64-pc-linux-gnu/15.2.1/cc1plus -quiet -v -D_GNU_SOURCE /opt/rosbe/share/cmake-3.17/Modules/CMakeCXXCompilerABI.cpp -quiet -dumpdir CMakeFiles/cmTC_c7824.dir/ -dumpbase CMakeCXXCompilerABI.cpp.cpp -dumpbase-ext .cpp -mtune=generic -march=x86-64 -version -o /tmp/ccjt5XfX.s]
  ignore line: [GNU C++17 (GCC) version 15.2.1 20251112 (x86_64-pc-linux-gnu)]
  ignore line: [	compiled by GNU C version 15.2.1 20251112  GMP version 6.3.0  MPFR version 4.2.2  MPC version 1.3.1  isl version isl-0.27-GMP]
  ignore line: []
  ignore line: [GGC heuristics: --param ggc-min-expand=100 --param ggc-min-heapsize=131072]
  ignore line: [ignoring nonexistent directory "/usr/lib/gcc/x86_64-pc-linux-gnu/15.2.1/../../../../x86_64-pc-linux-gnu/include"]
  ignore line: [#include "..." search starts here:]
  ignore line: [#include <...> search starts here:]
  ignore line: [ /usr/lib/gcc/x86_64-pc-linux-gnu/15.2.1/../../../../include/c++/15.2.1]
  ignore line: [ /usr/lib/gcc/x86_64-pc-linux-gnu/15.2.1/../../../../include/c++/15.2.1/x86_64-pc-linux-gnu]
  ignore line: [ /usr/lib/gcc/x86_64-pc-linux-gnu/15.2.1/../../../../include/c++/15.2.1/backward]
  ignore line: [ /usr/lib/gcc/x86_64-pc-linux-gnu/15.2.1/include]
  ignore line: [ /usr/local/include]
  ignore line: [ /usr/lib/gcc/x86_64-pc-linux-gnu/15.2.1/include-fixed]
  ignore line: [ /usr/include]
  ignore line: [End of search list.]
  ignore line: [Compiler executable checksum: 4f062beaae229dc32234f13ba259a70e]
  ignore line: [COLLECT_GCC_OPTIONS='-v' '-o' 'CMakeFiles/cmTC_c7824.dir/CMakeCXXCompilerABI.cpp.o' '-c' '-shared-libgcc' '-mtune=generic' '-march=x86-64' '-dumpdir' 'CMakeFiles/cmTC_c7824.dir/']
  ignore line: [ as -v --64 -o CMakeFiles/cmTC_c7824.dir/CMakeCXXCompilerABI.cpp.o /tmp/ccjt5XfX.s]
  ignore line: [GNU assembler version 2.45.1 (x86_64-pc-linux-gnu) using BFD version (GNU Binutils) 2.45.1]
  ignore line: [COMPILER_PATH=/usr/lib/gcc/x86_64-pc-linux-gnu/15.2.1/:/usr/lib/gcc/x86_64-pc-linux-gnu/15.2.1/:/usr/lib/gcc/x86_64-pc-linux-gnu/:/usr/lib/gcc/x86_64-pc-linux-gnu/15.2.1/:/usr/lib/gcc/x86_64-pc-linux-gnu/]
  ignore line: [LIBRARY_PATH=/usr/lib/gcc/x86_64-pc-linux-gnu/15.2.1/:/usr/lib/gcc/x86_64-pc-linux-gnu/15.2.1/../../../../lib/:/lib/../lib/:/usr/lib/../lib/:/usr/lib/gcc/x86_64-pc-linux-gnu/15.2.1/../../../:/lib/:/usr/lib/]
  ignore line: [COLLECT_GCC_OPTIONS='-v' '-o' 'CMakeFiles/cmTC_c7824.dir/CMakeCXXCompilerABI.cpp.o' '-c' '-shared-libgcc' '-mtune=generic' '-march=x86-64' '-dumpdir' 'CMakeFiles/cmTC_c7824.dir/CMakeCXXCompilerABI.cpp.']
  ignore line: [Linking CXX executable cmTC_c7824]
  ignore line: [/opt/rosbe/bin/cmake -E cmake_link_script CMakeFiles/cmTC_c7824.dir/link.txt --verbose=1]
  ignore line: [/usr/bin/c++      -v CMakeFiles/cmTC_c7824.dir/CMakeCXXCompilerABI.cpp.o  -o cmTC_c7824 ]
  ignore line: [Using built-in specs.]
  ignore line: [COLLECT_GCC=/usr/bin/c++]
  ignore line: [COLLECT_LTO_WRAPPER=/usr/lib/gcc/x86_64-pc-linux-gnu/15.2.1/lto-wrapper]
  ignore line: [Target: x86_64-pc-linux-gnu]
  ignore line: [Configured with: /build/gcc/src/gcc/configure --enable-languages=ada c c++ d fortran go lto m2 objc obj-c++ rust cobol --enable-bootstrap --prefix=/usr --libdir=/usr/lib --libexecdir=/usr/lib --mandir=/usr/share/man --infodir=/usr/share/info --with-bugurl=https://gitlab.archlinux.org/archlinux/packaging/packages/gcc/-/issues --with-build-config=bootstrap-lto --with-linker-hash-style=gnu --with-system-zlib --enable-__cxa_atexit --enable-cet=auto --enable-checking=release --enable-clocale=gnu --enable-default-pie --enable-default-ssp --enable-gnu-indirect-function --enable-gnu-unique-object --enable-libstdcxx-backtrace --enable-link-serialization=1 --enable-linker-build-id --enable-lto --enable-multilib --enable-plugin --enable-shared --enable-threads=posix --disable-libssp --disable-libstdcxx-pch --disable-werror]
  ignore line: [Thread model: posix]
  ignore line: [Supported LTO compression algorithms: zlib zstd]
  ignore line: [gcc version 15.2.1 20251112 (GCC) ]
  ignore line: [COMPILER_PATH=/usr/lib/gcc/x86_64-pc-linux-gnu/15.2.1/:/usr/lib/gcc/x86_64-pc-linux-gnu/15.2.1/:/usr/lib/gcc/x86_64-pc-linux-gnu/:/usr/lib/gcc/x86_64-pc-linux-gnu/15.2.1/:/usr/lib/gcc/x86_64-pc-linux-gnu/]
  ignore line: [LIBRARY_PATH=/usr/lib/gcc/x86_64-pc-linux-gnu/15.2.1/:/usr/lib/gcc/x86_64-pc-linux-gnu/15.2.1/../../../../lib/:/lib/../lib/:/usr/lib/../lib/:/usr/lib/gcc/x86_64-pc-linux-gnu/15.2.1/../../../:/lib/:/usr/lib/]
  ignore line: [COLLECT_GCC_OPTIONS='-v' '-o' 'cmTC_c7824' '-shared-libgcc' '-mtune=generic' '-march=x86-64' '-dumpdir' 'cmTC_c7824.']
  link line: [ /usr/lib/gcc/x86_64-pc-linux-gnu/15.2.1/collect2 -plugin /usr/lib/gcc/x86_64-pc-linux-gnu/15.2.1/liblto_plugin.so -plugin-opt=/usr/lib/gcc/x86_64-pc-linux-gnu/15.2.1/lto-wrapper -plugin-opt=-fresolution=/tmp/ccylpN4A.res -plugin-opt=-pass-through=-lgcc_s -plugin-opt=-pass-through=-lgcc -plugin-opt=-pass-through=-lc -plugin-opt=-pass-through=-lgcc_s -plugin-opt=-pass-through=-lgcc --build-id --eh-frame-hdr --hash-style=gnu -m elf_x86_64 -dynamic-linker /lib64/ld-linux-x86-64.so.2 -pie -o cmTC_c7824 /usr/lib/gcc/x86_64-pc-linux-gnu/15.2.1/../../../../lib/Scrt1.o /usr/lib/gcc/x86_64-pc-linux-gnu/15.2.1/../../../../lib/crti.o /usr/lib/gcc/x86_64-pc-linux-gnu/15.2.1/crtbeginS.o -L/usr/lib/gcc/x86_64-pc-linux-gnu/15.2.1 -L/usr/lib/gcc/x86_64-pc-linux-gnu/15.2.1/../../../../lib -L/lib/../lib -L/usr/lib/../lib -L/usr/lib/gcc/x86_64-pc-linux-gnu/15.2.1/../../.. -L/lib -L/usr/lib CMakeFiles/cmTC_c7824.dir/CMakeCXXCompilerABI.cpp.o -lstdc++ -lm -lgcc_s -lgcc -lc -lgcc_s -lgcc /usr/lib/gcc/x86_64-pc-linux-gnu/15.2.1/crtendS.o /usr/lib/gcc/x86_64-pc-linux-gnu/15.2.1/../../../../lib/crtn.o]
    arg [/usr/lib/gcc/x86_64-pc-linux-gnu/15.2.1/collect2] ==> ignore
    arg [-plugin] ==> ignore
    arg [/usr/lib/gcc/x86_64-pc-linux-gnu/15.2.1/liblto_plugin.so] ==> ignore
    arg [-plugin-opt=/usr/lib/gcc/x86_64-pc-linux-gnu/15.2.1/lto-wrapper] ==> ignore
    arg [-plugin-opt=-fresolution=/tmp/ccylpN4A.res] ==> ignore
    arg [-plugin-opt=-pass-through=-lgcc_s] ==> ignore
    arg [-plugin-opt=-pass-through=-lgcc] ==> ignore
    arg [-plugin-opt=-pass-through=-lc] ==> ignore
    arg [-plugin-opt=-pass-through=-lgcc_s] ==> ignore
    arg [-plugin-opt=-pass-through=-lgcc] ==> ignore
    arg [--build-id] ==> ignore
    arg [--eh-frame-hdr] ==> ignore
    arg [--hash-style=gnu] ==> ignore
    arg [-m] ==> ignore
    arg [elf_x86_64] ==> ignore
    arg [-dynamic-linker] ==> ignore
    arg [/lib64/ld-linux-x86-64.so.2] ==> ignore
    arg [-pie] ==> ignore
    arg [-o] ==> ignore
    arg [cmTC_c7824] ==> ignore
    arg [/usr/lib/gcc/x86_64-pc-linux-gnu/15.2.1/../../../../lib/Scrt1.o] ==> ignore
    arg [/usr/lib/gcc/x86_64-pc-linux-gnu/15.2.1/../../../../lib/crti.o] ==> ignore
    arg [/usr/lib/gcc/x86_64-pc-linux-gnu/15.2.1/crtbeginS.o] ==> ignore
    arg [-L/usr/lib/gcc/x86_64-pc-linux-gnu/15.2.1] ==> dir [/usr/lib/gcc/x86_64-pc-linux-gnu/15.2.1]
    arg [-L/usr/lib/gcc/x86_64-pc-linux-gnu/15.2.1/../../../../lib] ==> dir [/usr/lib/gcc/x86_64-pc-linux-gnu/15.2.1/../../../../lib]
    arg [-L/lib/../lib] ==> dir [/lib/../lib]
    arg [-L/usr/lib/../lib] ==> dir [/usr/lib/../lib]
    arg [-L/usr/lib/gcc/x86_64-pc-linux-gnu/15.2.1/../../..] ==> dir [/usr/lib/gcc/x86_64-pc-linux-gnu/15.2.1/../../..]
    arg [-L/lib] ==> dir [/lib]
    arg [-L/usr/lib] ==> dir [/usr/lib]
    arg [CMakeFiles/cmTC_c7824.dir/CMakeCXXCompilerABI.cpp.o] ==> ignore
    arg [-lstdc++] ==> lib [stdc++]
    arg [-lm] ==> lib [m]
    arg [-lgcc_s] ==> lib [gcc_s]
    arg [-lgcc] ==> lib [gcc]
    arg [-lc] ==> lib [c]
    arg [-lgcc_s] ==> lib [gcc_s]
    arg [-lgcc] ==> lib [gcc]
    arg [/usr/lib/gcc/x86_64-pc-linux-gnu/15.2.1/crtendS.o] ==> ignore
    arg [/usr/lib/gcc/x86_64-pc-linux-gnu/15.2.1/../../../../lib/crtn.o] ==> ignore
  collapse library dir [/usr/lib/gcc/x86_64-pc-linux-gnu/15.2.1] ==> [/usr/lib/gcc/x86_64-pc-linux-gnu/15.2.1]
  collapse library dir [/usr/lib/gcc/x86_64-pc-linux-gnu/15.2.1/../../../../lib] ==> [/usr/lib]
  collapse library dir [/lib/../lib] ==> [/lib]
  collapse library dir [/usr/lib/../lib] ==> [/usr/lib]
  collapse library dir [/usr/lib/gcc/x86_64-pc-linux-gnu/15.2.1/../../..] ==> [/usr/lib]
  collapse library dir [/lib] ==> [/lib]
  collapse library dir [/usr/lib] ==> [/usr/lib]
  implicit libs: [stdc++;m;gcc_s;gcc;c;gcc_s;gcc]
  implicit dirs: [/usr/lib/gcc/x86_64-pc-linux-gnu/15.2.1;/usr/lib;/lib]
  implicit fwks: []


